<?xml version="1.0" encoding="UTF-8"?>
<!-- Generated by org.testng.reporters.JUnitReportReporter -->
<testsuite hostname="Mohit-Monu" failures="0" tests="1" name="EPRSystem_Test.testdata" time="1.607" errors="0" timestamp="2024-06-27T19:41:22 IST" skipped="0">
  <testcase classname="EPRSystem_Test.testdata" name="test" time="1.607"/>
</testsuite> <!-- EPRSystem_Test.testdata -->
