<?xml version="1.0" encoding="UTF-8"?>
<!-- Generated by org.testng.reporters.JUnitReportReporter -->
<testsuite hostname="Mohit-Monu" failures="0" tests="1" name="EPRSystem_Test.ERPSignInTest" time="53.396" errors="0" timestamp="2024-06-27T20:16:27 IST" skipped="0">
  <testcase classname="EPRSystem_Test.ERPSignInTest" name="test" time="53.396"/>
</testsuite> <!-- EPRSystem_Test.ERPSignInTest -->
